Task "Vivado IP Packager" successful.
Generated logfile: 

****** Vivado v2016.2 (64-bit)
  **** SW Build 1577090 on Thu Jun  2 16:32:40 MDT 2016
  **** IP Build 1577682 on Fri Jun  3 12:00:54 MDT 2016
    ** Copyright 1986-2016 Xilinx, Inc. All Rights Reserved.

source vivado_ip_package.tcl
# create_project prj_ip {} -part xc7z020clg484-1 -force
INFO: [ProjectBase 1-489] The host OS only allows 260 characters in a normal path. The project is stored in a path with more than 80 characters. If you experience issues with IP, Block Designs, or files not being found, please consider moving the project to a location with a shorter path. Alternately consider using the OS subst command to map part of the path to a drive letter.
Current project path is 'C:/MATLAB/senior-design/three_axis_gimbal/MPU6050/hdl_prj/ipcore/ADXL345_ip_v1_0/prj_ip'
create_project: Time (s): cpu = 00:00:01 ; elapsed = 00:00:09 . Memory (MB): peak = 225.086 ; gain = 17.992
# set_property ip_repo_paths {../../} [current_fileset]
# add_files -norecurse {../hdl/vhdl/i2c_bidir.vhd}
# add_files -norecurse {../hdl/vhdl/ADXL345_ip_src_zynq_AXIRead.vhd}
# add_files -norecurse {../hdl/vhdl/ADXL345_ip_src_AXI4Lite_Read_AccelX.vhd}
# add_files -norecurse {../hdl/vhdl/ADXL345_ip_src_zynq_AXIRead_block.vhd}
# add_files -norecurse {../hdl/vhdl/ADXL345_ip_src_AXI4Lite_Read_AccelY.vhd}
# add_files -norecurse {../hdl/vhdl/ADXL345_ip_src_zynq_AXIRead_block1.vhd}
# add_files -norecurse {../hdl/vhdl/ADXL345_ip_src_AXI4Lite_Read_AccelZ.vhd}
# add_files -norecurse {../hdl/vhdl/ADXL345_ip_src_zynq_AXIRead_block2.vhd}
# add_files -norecurse {../hdl/vhdl/ADXL345_ip_src_AXI4Lite_Read_GyroX.vhd}
# add_files -norecurse {../hdl/vhdl/ADXL345_ip_src_zynq_AXIRead_block3.vhd}
# add_files -norecurse {../hdl/vhdl/ADXL345_ip_src_AXI4Lite_Read_GyroY.vhd}
# add_files -norecurse {../hdl/vhdl/ADXL345_ip_src_zynq_AXIRead_block4.vhd}
# add_files -norecurse {../hdl/vhdl/ADXL345_ip_src_AXI4Lite_Read_GyroZ.vhd}
# add_files -norecurse {../hdl/vhdl/ADXL345_ip_src_zynq_AXIRead_block5.vhd}
# add_files -norecurse {../hdl/vhdl/ADXL345_ip_src_AXI4Lite_Read_RegData.vhd}
# add_files -norecurse {../hdl/vhdl/ADXL345_ip_src_zynq_AXIRead_block6.vhd}
# add_files -norecurse {../hdl/vhdl/ADXL345_ip_src_AXI4Lite_Read_deviceID.vhd}
# add_files -norecurse {../hdl/vhdl/ADXL345_ip_src_zynq_AXIRead_block7.vhd}
# add_files -norecurse {../hdl/vhdl/ADXL345_ip_src_AXI4Lite_Read_validout.vhd}
# add_files -norecurse {../hdl/vhdl/ADXL345_ip_src_AXI4LiteRead.vhd}
# add_files -norecurse {../hdl/vhdl/ADXL345_ip_src_I2C_MPU6050_IP_tc.vhd}
# add_files -norecurse {../hdl/vhdl/ADXL345_ip_src_I2C_MPU6050_IP.vhd}
# add_files -norecurse {../hdl/vhdl/ADXL345_ip_dut.vhd}
# add_files -norecurse {../hdl/vhdl/ADXL345_ip_axi_lite_module.vhd}
# add_files -norecurse {../hdl/vhdl/ADXL345_ip_addr_decoder.vhd}
# add_files -norecurse {../hdl/vhdl/ADXL345_ip_axi_lite.vhd}
# add_files -norecurse {../hdl/vhdl/ADXL345_ip.vhd}
# set_property top ADXL345_ip [get_filesets sources_1]
# set_property top ADXL345_ip [get_filesets sim_1]
# update_compile_order -fileset sources_1
# update_compile_order -fileset sim_1
# ipx::package_project -root_dir {../} -force
WARNING: [IP_Flow 19-3833] Unreferenced file from the top module is not packaged: 'C:/MATLAB/senior-design/three_axis_gimbal/MPU6050/hdl_prj/ipcore/ADXL345_ip_v1_0/hdl/vhdl/i2c_bidir.vhd'.
INFO: [IP_Flow 19-234] Refreshing IP repositories
INFO: [IP_Flow 19-1700] Loaded user IP repository 'c:/MATLAB/senior-design/three_axis_gimbal/MPU6050/hdl_prj/ipcore'.
WARNING: [IP_Flow 19-3656] If you move the project, the path for repository 'c:/MATLAB/senior-design/three_axis_gimbal/MPU6050/hdl_prj/ipcore' may become invalid. A better location for the repostory would be in a path adjacent to the project. (Current project location is 'c:/MATLAB/senior-design/three_axis_gimbal/MPU6050/hdl_prj/ipcore/ADXL345_ip_v1_0/prj_ip'.)
INFO: [IP_Flow 19-2313] Loaded Vivado IP repository 'C:/Xilinx/Vivado/2016.2/data/ip'.
INFO: [IP_Flow 19-2228] Inferred bus interface 'AXI4_Lite' of definition 'xilinx.com:interface:aximm:1.0'.
INFO: [IP_Flow 19-4753] Inferred signal 'reset' from port 'AXI4_Lite_ARESETN' as interface 'AXI4_Lite_ARESETN'.
INFO: [IP_Flow 19-4728] Bus Interface 'AXI4_Lite_ARESETN': Added interface parameter 'POLARITY' with value 'ACTIVE_LOW'.
INFO: [IP_Flow 19-4753] Inferred signal 'clock' from port 'AXI4_Lite_ACLK' as interface 'AXI4_Lite_ACLK'.
INFO: [IP_Flow 19-4728] Bus Interface 'AXI4_Lite_ACLK': Added interface parameter 'ASSOCIATED_BUSIF' with value 'AXI4_Lite'.
INFO: [IP_Flow 19-4728] Bus Interface 'AXI4_Lite_ACLK': Added interface parameter 'ASSOCIATED_RESET' with value 'AXI4_Lite_ARESETN'.
INFO: [IP_Flow 19-4753] Inferred signal 'reset' from port 'IPCORE_RESETN' as interface 'IPCORE_RESETN'.
INFO: [IP_Flow 19-4728] Bus Interface 'IPCORE_RESETN': Added interface parameter 'POLARITY' with value 'ACTIVE_LOW'.
INFO: [IP_Flow 19-4753] Inferred signal 'clock' from port 'IPCORE_CLK' as interface 'IPCORE_CLK'.
INFO: [IP_Flow 19-4728] Bus Interface 'IPCORE_CLK': Added interface parameter 'ASSOCIATED_RESET' with value 'IPCORE_RESETN'.
ipx::package_project: Time (s): cpu = 00:00:02 ; elapsed = 00:00:47 . Memory (MB): peak = 257.512 ; gain = 22.566
# set_property name ADXL345_ip [ipx::current_core]
# set_property display_name ADXL345_ip [ipx::current_core]
# set_property version {1.0} [ipx::current_core]
# set_property library {ip} [ipx::current_core]
# set Families [split [lsort -uniq [get_property C_FAMILY [get_parts]]]]
# set IPSupportedFamily {}
# foreach family $Families {append IPSupportedFamily "{$family} {Production} "}
# set_property supported_families $IPSupportedFamily [ipx::current_core]
# set_property taxonomy {{/HDL Coder Generated IP}} [ipx::current_core]
# set_property description {HDL Coder generated IP} [ipx::current_core]
# set_property core_revision 1711301109 [ipx::current_core]
# ipx::add_file {hdl/vhdl/i2c_bidir.vhd} [ipx::get_file_groups xilinx_anylanguagesynthesis -of_objects [ipx::current_core]]
# set_property type {{vhdlSource}} [ipx::get_files {hdl/vhdl/i2c_bidir.vhd} -of_objects [ipx::get_file_groups xilinx_anylanguagesynthesis -of_objects [ipx::current_core]]]
# ipx::add_file {hdl/vhdl/i2c_bidir.vhd} [ipx::get_file_groups xilinx_anylanguagebehavioralsimulation -of_objects [ipx::current_core]]
# set_property type {{vhdlSource}} [ipx::get_files {hdl/vhdl/i2c_bidir.vhd} -of_objects [ipx::get_file_groups xilinx_anylanguagebehavioralsimulation -of_objects [ipx::current_core]]]
# ipx::add_file {hdl/vhdl/ADXL345_ip_src_zynq_AXIRead.vhd} [ipx::get_file_groups xilinx_anylanguagesynthesis -of_objects [ipx::current_core]]
WARNING: [IP_Flow 19-1971] File named "hdl/vhdl/ADXL345_ip_src_zynq_AXIRead.vhd" already exists in file group "xilinx_anylanguagesynthesis", cannot add it again.
# set_property type {{vhdlSource}} [ipx::get_files {hdl/vhdl/ADXL345_ip_src_zynq_AXIRead.vhd} -of_objects [ipx::get_file_groups xilinx_anylanguagesynthesis -of_objects [ipx::current_core]]]
# ipx::add_file {hdl/vhdl/ADXL345_ip_src_zynq_AXIRead.vhd} [ipx::get_file_groups xilinx_anylanguagebehavioralsimulation -of_objects [ipx::current_core]]
WARNING: [IP_Flow 19-1971] File named "hdl/vhdl/ADXL345_ip_src_zynq_AXIRead.vhd" already exists in file group "xilinx_anylanguagebehavioralsimulation", cannot add it again.
# set_property type {{vhdlSource}} [ipx::get_files {hdl/vhdl/ADXL345_ip_src_zynq_AXIRead.vhd} -of_objects [ipx::get_file_groups xilinx_anylanguagebehavioralsimulation -of_objects [ipx::current_core]]]
# ipx::add_file {hdl/vhdl/ADXL345_ip_src_AXI4Lite_Read_AccelX.vhd} [ipx::get_file_groups xilinx_anylanguagesynthesis -of_objects [ipx::current_core]]
WARNING: [IP_Flow 19-1971] File named "hdl/vhdl/ADXL345_ip_src_AXI4Lite_Read_AccelX.vhd" already exists in file group "xilinx_anylanguagesynthesis", cannot add it again.
# set_property type {{vhdlSource}} [ipx::get_files {hdl/vhdl/ADXL345_ip_src_AXI4Lite_Read_AccelX.vhd} -of_objects [ipx::get_file_groups xilinx_anylanguagesynthesis -of_objects [ipx::current_core]]]
# ipx::add_file {hdl/vhdl/ADXL345_ip_src_AXI4Lite_Read_AccelX.vhd} [ipx::get_file_groups xilinx_anylanguagebehavioralsimulation -of_objects [ipx::current_core]]
WARNING: [IP_Flow 19-1971] File named "hdl/vhdl/ADXL345_ip_src_AXI4Lite_Read_AccelX.vhd" already exists in file group "xilinx_anylanguagebehavioralsimulation", cannot add it again.
# set_property type {{vhdlSource}} [ipx::get_files {hdl/vhdl/ADXL345_ip_src_AXI4Lite_Read_AccelX.vhd} -of_objects [ipx::get_file_groups xilinx_anylanguagebehavioralsimulation -of_objects [ipx::current_core]]]
# ipx::add_file {hdl/vhdl/ADXL345_ip_src_zynq_AXIRead_block.vhd} [ipx::get_file_groups xilinx_anylanguagesynthesis -of_objects [ipx::current_core]]
WARNING: [IP_Flow 19-1971] File named "hdl/vhdl/ADXL345_ip_src_zynq_AXIRead_block.vhd" already exists in file group "xilinx_anylanguagesynthesis", cannot add it again.
# set_property type {{vhdlSource}} [ipx::get_files {hdl/vhdl/ADXL345_ip_src_zynq_AXIRead_block.vhd} -of_objects [ipx::get_file_groups xilinx_anylanguagesynthesis -of_objects [ipx::current_core]]]
# ipx::add_file {hdl/vhdl/ADXL345_ip_src_zynq_AXIRead_block.vhd} [ipx::get_file_groups xilinx_anylanguagebehavioralsimulation -of_objects [ipx::current_core]]
WARNING: [IP_Flow 19-1971] File named "hdl/vhdl/ADXL345_ip_src_zynq_AXIRead_block.vhd" already exists in file group "xilinx_anylanguagebehavioralsimulation", cannot add it again.
# set_property type {{vhdlSource}} [ipx::get_files {hdl/vhdl/ADXL345_ip_src_zynq_AXIRead_block.vhd} -of_objects [ipx::get_file_groups xilinx_anylanguagebehavioralsimulation -of_objects [ipx::current_core]]]
# ipx::add_file {hdl/vhdl/ADXL345_ip_src_AXI4Lite_Read_AccelY.vhd} [ipx::get_file_groups xilinx_anylanguagesynthesis -of_objects [ipx::current_core]]
WARNING: [IP_Flow 19-1971] File named "hdl/vhdl/ADXL345_ip_src_AXI4Lite_Read_AccelY.vhd" already exists in file group "xilinx_anylanguagesynthesis", cannot add it again.
# set_property type {{vhdlSource}} [ipx::get_files {hdl/vhdl/ADXL345_ip_src_AXI4Lite_Read_AccelY.vhd} -of_objects [ipx::get_file_groups xilinx_anylanguagesynthesis -of_objects [ipx::current_core]]]
# ipx::add_file {hdl/vhdl/ADXL345_ip_src_AXI4Lite_Read_AccelY.vhd} [ipx::get_file_groups xilinx_anylanguagebehavioralsimulation -of_objects [ipx::current_core]]
WARNING: [IP_Flow 19-1971] File named "hdl/vhdl/ADXL345_ip_src_AXI4Lite_Read_AccelY.vhd" already exists in file group "xilinx_anylanguagebehavioralsimulation", cannot add it again.
# set_property type {{vhdlSource}} [ipx::get_files {hdl/vhdl/ADXL345_ip_src_AXI4Lite_Read_AccelY.vhd} -of_objects [ipx::get_file_groups xilinx_anylanguagebehavioralsimulation -of_objects [ipx::current_core]]]
# ipx::add_file {hdl/vhdl/ADXL345_ip_src_zynq_AXIRead_block1.vhd} [ipx::get_file_groups xilinx_anylanguagesynthesis -of_objects [ipx::current_core]]
WARNING: [IP_Flow 19-1971] File named "hdl/vhdl/ADXL345_ip_src_zynq_AXIRead_block1.vhd" already exists in file group "xilinx_anylanguagesynthesis", cannot add it again.
# set_property type {{vhdlSource}} [ipx::get_files {hdl/vhdl/ADXL345_ip_src_zynq_AXIRead_block1.vhd} -of_objects [ipx::get_file_groups xilinx_anylanguagesynthesis -of_objects [ipx::current_core]]]
# ipx::add_file {hdl/vhdl/ADXL345_ip_src_zynq_AXIRead_block1.vhd} [ipx::get_file_groups xilinx_anylanguagebehavioralsimulation -of_objects [ipx::current_core]]
WARNING: [IP_Flow 19-1971] File named "hdl/vhdl/ADXL345_ip_src_zynq_AXIRead_block1.vhd" already exists in file group "xilinx_anylanguagebehavioralsimulation", cannot add it again.
# set_property type {{vhdlSource}} [ipx::get_files {hdl/vhdl/ADXL345_ip_src_zynq_AXIRead_block1.vhd} -of_objects [ipx::get_file_groups xilinx_anylanguagebehavioralsimulation -of_objects [ipx::current_core]]]
# ipx::add_file {hdl/vhdl/ADXL345_ip_src_AXI4Lite_Read_AccelZ.vhd} [ipx::get_file_groups xilinx_anylanguagesynthesis -of_objects [ipx::current_core]]
WARNING: [IP_Flow 19-1971] File named "hdl/vhdl/ADXL345_ip_src_AXI4Lite_Read_AccelZ.vhd" already exists in file group "xilinx_anylanguagesynthesis", cannot add it again.
# set_property type {{vhdlSource}} [ipx::get_files {hdl/vhdl/ADXL345_ip_src_AXI4Lite_Read_AccelZ.vhd} -of_objects [ipx::get_file_groups xilinx_anylanguagesynthesis -of_objects [ipx::current_core]]]
# ipx::add_file {hdl/vhdl/ADXL345_ip_src_AXI4Lite_Read_AccelZ.vhd} [ipx::get_file_groups xilinx_anylanguagebehavioralsimulation -of_objects [ipx::current_core]]
WARNING: [IP_Flow 19-1971] File named "hdl/vhdl/ADXL345_ip_src_AXI4Lite_Read_AccelZ.vhd" already exists in file group "xilinx_anylanguagebehavioralsimulation", cannot add it again.
# set_property type {{vhdlSource}} [ipx::get_files {hdl/vhdl/ADXL345_ip_src_AXI4Lite_Read_AccelZ.vhd} -of_objects [ipx::get_file_groups xilinx_anylanguagebehavioralsimulation -of_objects [ipx::current_core]]]
# ipx::add_file {hdl/vhdl/ADXL345_ip_src_zynq_AXIRead_block2.vhd} [ipx::get_file_groups xilinx_anylanguagesynthesis -of_objects [ipx::current_core]]
WARNING: [IP_Flow 19-1971] File named "hdl/vhdl/ADXL345_ip_src_zynq_AXIRead_block2.vhd" already exists in file group "xilinx_anylanguagesynthesis", cannot add it again.
# set_property type {{vhdlSource}} [ipx::get_files {hdl/vhdl/ADXL345_ip_src_zynq_AXIRead_block2.vhd} -of_objects [ipx::get_file_groups xilinx_anylanguagesynthesis -of_objects [ipx::current_core]]]
# ipx::add_file {hdl/vhdl/ADXL345_ip_src_zynq_AXIRead_block2.vhd} [ipx::get_file_groups xilinx_anylanguagebehavioralsimulation -of_objects [ipx::current_core]]
WARNING: [IP_Flow 19-1971] File named "hdl/vhdl/ADXL345_ip_src_zynq_AXIRead_block2.vhd" already exists in file group "xilinx_anylanguagebehavioralsimulation", cannot add it again.
# set_property type {{vhdlSource}} [ipx::get_files {hdl/vhdl/ADXL345_ip_src_zynq_AXIRead_block2.vhd} -of_objects [ipx::get_file_groups xilinx_anylanguagebehavioralsimulation -of_objects [ipx::current_core]]]
# ipx::add_file {hdl/vhdl/ADXL345_ip_src_AXI4Lite_Read_GyroX.vhd} [ipx::get_file_groups xilinx_anylanguagesynthesis -of_objects [ipx::current_core]]
WARNING: [IP_Flow 19-1971] File named "hdl/vhdl/ADXL345_ip_src_AXI4Lite_Read_GyroX.vhd" already exists in file group "xilinx_anylanguagesynthesis", cannot add it again.
# set_property type {{vhdlSource}} [ipx::get_files {hdl/vhdl/ADXL345_ip_src_AXI4Lite_Read_GyroX.vhd} -of_objects [ipx::get_file_groups xilinx_anylanguagesynthesis -of_objects [ipx::current_core]]]
# ipx::add_file {hdl/vhdl/ADXL345_ip_src_AXI4Lite_Read_GyroX.vhd} [ipx::get_file_groups xilinx_anylanguagebehavioralsimulation -of_objects [ipx::current_core]]
WARNING: [IP_Flow 19-1971] File named "hdl/vhdl/ADXL345_ip_src_AXI4Lite_Read_GyroX.vhd" already exists in file group "xilinx_anylanguagebehavioralsimulation", cannot add it again.
# set_property type {{vhdlSource}} [ipx::get_files {hdl/vhdl/ADXL345_ip_src_AXI4Lite_Read_GyroX.vhd} -of_objects [ipx::get_file_groups xilinx_anylanguagebehavioralsimulation -of_objects [ipx::current_core]]]
# ipx::add_file {hdl/vhdl/ADXL345_ip_src_zynq_AXIRead_block3.vhd} [ipx::get_file_groups xilinx_anylanguagesynthesis -of_objects [ipx::current_core]]
WARNING: [IP_Flow 19-1971] File named "hdl/vhdl/ADXL345_ip_src_zynq_AXIRead_block3.vhd" already exists in file group "xilinx_anylanguagesynthesis", cannot add it again.
# set_property type {{vhdlSource}} [ipx::get_files {hdl/vhdl/ADXL345_ip_src_zynq_AXIRead_block3.vhd} -of_objects [ipx::get_file_groups xilinx_anylanguagesynthesis -of_objects [ipx::current_core]]]
# ipx::add_file {hdl/vhdl/ADXL345_ip_src_zynq_AXIRead_block3.vhd} [ipx::get_file_groups xilinx_anylanguagebehavioralsimulation -of_objects [ipx::current_core]]
WARNING: [IP_Flow 19-1971] File named "hdl/vhdl/ADXL345_ip_src_zynq_AXIRead_block3.vhd" already exists in file group "xilinx_anylanguagebehavioralsimulation", cannot add it again.
# set_property type {{vhdlSource}} [ipx::get_files {hdl/vhdl/ADXL345_ip_src_zynq_AXIRead_block3.vhd} -of_objects [ipx::get_file_groups xilinx_anylanguagebehavioralsimulation -of_objects [ipx::current_core]]]
# ipx::add_file {hdl/vhdl/ADXL345_ip_src_AXI4Lite_Read_GyroY.vhd} [ipx::get_file_groups xilinx_anylanguagesynthesis -of_objects [ipx::current_core]]
WARNING: [IP_Flow 19-1971] File named "hdl/vhdl/ADXL345_ip_src_AXI4Lite_Read_GyroY.vhd" already exists in file group "xilinx_anylanguagesynthesis", cannot add it again.
# set_property type {{vhdlSource}} [ipx::get_files {hdl/vhdl/ADXL345_ip_src_AXI4Lite_Read_GyroY.vhd} -of_objects [ipx::get_file_groups xilinx_anylanguagesynthesis -of_objects [ipx::current_core]]]
# ipx::add_file {hdl/vhdl/ADXL345_ip_src_AXI4Lite_Read_GyroY.vhd} [ipx::get_file_groups xilinx_anylanguagebehavioralsimulation -of_objects [ipx::current_core]]
WARNING: [IP_Flow 19-1971] File named "hdl/vhdl/ADXL345_ip_src_AXI4Lite_Read_GyroY.vhd" already exists in file group "xilinx_anylanguagebehavioralsimulation", cannot add it again.
# set_property type {{vhdlSource}} [ipx::get_files {hdl/vhdl/ADXL345_ip_src_AXI4Lite_Read_GyroY.vhd} -of_objects [ipx::get_file_groups xilinx_anylanguagebehavioralsimulation -of_objects [ipx::current_core]]]
# ipx::add_file {hdl/vhdl/ADXL345_ip_src_zynq_AXIRead_block4.vhd} [ipx::get_file_groups xilinx_anylanguagesynthesis -of_objects [ipx::current_core]]
WARNING: [IP_Flow 19-1971] File named "hdl/vhdl/ADXL345_ip_src_zynq_AXIRead_block4.vhd" already exists in file group "xilinx_anylanguagesynthesis", cannot add it again.
# set_property type {{vhdlSource}} [ipx::get_files {hdl/vhdl/ADXL345_ip_src_zynq_AXIRead_block4.vhd} -of_objects [ipx::get_file_groups xilinx_anylanguagesynthesis -of_objects [ipx::current_core]]]
# ipx::add_file {hdl/vhdl/ADXL345_ip_src_zynq_AXIRead_block4.vhd} [ipx::get_file_groups xilinx_anylanguagebehavioralsimulation -of_objects [ipx::current_core]]
WARNING: [IP_Flow 19-1971] File named "hdl/vhdl/ADXL345_ip_src_zynq_AXIRead_block4.vhd" already exists in file group "xilinx_anylanguagebehavioralsimulation", cannot add it again.
# set_property type {{vhdlSource}} [ipx::get_files {hdl/vhdl/ADXL345_ip_src_zynq_AXIRead_block4.vhd} -of_objects [ipx::get_file_groups xilinx_anylanguagebehavioralsimulation -of_objects [ipx::current_core]]]
# ipx::add_file {hdl/vhdl/ADXL345_ip_src_AXI4Lite_Read_GyroZ.vhd} [ipx::get_file_groups xilinx_anylanguagesynthesis -of_objects [ipx::current_core]]
WARNING: [IP_Flow 19-1971] File named "hdl/vhdl/ADXL345_ip_src_AXI4Lite_Read_GyroZ.vhd" already exists in file group "xilinx_anylanguagesynthesis", cannot add it again.
# set_property type {{vhdlSource}} [ipx::get_files {hdl/vhdl/ADXL345_ip_src_AXI4Lite_Read_GyroZ.vhd} -of_objects [ipx::get_file_groups xilinx_anylanguagesynthesis -of_objects [ipx::current_core]]]
# ipx::add_file {hdl/vhdl/ADXL345_ip_src_AXI4Lite_Read_GyroZ.vhd} [ipx::get_file_groups xilinx_anylanguagebehavioralsimulation -of_objects [ipx::current_core]]
WARNING: [IP_Flow 19-1971] File named "hdl/vhdl/ADXL345_ip_src_AXI4Lite_Read_GyroZ.vhd" already exists in file group "xilinx_anylanguagebehavioralsimulation", cannot add it again.
# set_property type {{vhdlSource}} [ipx::get_files {hdl/vhdl/ADXL345_ip_src_AXI4Lite_Read_GyroZ.vhd} -of_objects [ipx::get_file_groups xilinx_anylanguagebehavioralsimulation -of_objects [ipx::current_core]]]
# ipx::add_file {hdl/vhdl/ADXL345_ip_src_zynq_AXIRead_block5.vhd} [ipx::get_file_groups xilinx_anylanguagesynthesis -of_objects [ipx::current_core]]
WARNING: [IP_Flow 19-1971] File named "hdl/vhdl/ADXL345_ip_src_zynq_AXIRead_block5.vhd" already exists in file group "xilinx_anylanguagesynthesis", cannot add it again.
# set_property type {{vhdlSource}} [ipx::get_files {hdl/vhdl/ADXL345_ip_src_zynq_AXIRead_block5.vhd} -of_objects [ipx::get_file_groups xilinx_anylanguagesynthesis -of_objects [ipx::current_core]]]
# ipx::add_file {hdl/vhdl/ADXL345_ip_src_zynq_AXIRead_block5.vhd} [ipx::get_file_groups xilinx_anylanguagebehavioralsimulation -of_objects [ipx::current_core]]
WARNING: [IP_Flow 19-1971] File named "hdl/vhdl/ADXL345_ip_src_zynq_AXIRead_block5.vhd" already exists in file group "xilinx_anylanguagebehavioralsimulation", cannot add it again.
# set_property type {{vhdlSource}} [ipx::get_files {hdl/vhdl/ADXL345_ip_src_zynq_AXIRead_block5.vhd} -of_objects [ipx::get_file_groups xilinx_anylanguagebehavioralsimulation -of_objects [ipx::current_core]]]
# ipx::add_file {hdl/vhdl/ADXL345_ip_src_AXI4Lite_Read_RegData.vhd} [ipx::get_file_groups xilinx_anylanguagesynthesis -of_objects [ipx::current_core]]
WARNING: [IP_Flow 19-1971] File named "hdl/vhdl/ADXL345_ip_src_AXI4Lite_Read_RegData.vhd" already exists in file group "xilinx_anylanguagesynthesis", cannot add it again.
# set_property type {{vhdlSource}} [ipx::get_files {hdl/vhdl/ADXL345_ip_src_AXI4Lite_Read_RegData.vhd} -of_objects [ipx::get_file_groups xilinx_anylanguagesynthesis -of_objects [ipx::current_core]]]
# ipx::add_file {hdl/vhdl/ADXL345_ip_src_AXI4Lite_Read_RegData.vhd} [ipx::get_file_groups xilinx_anylanguagebehavioralsimulation -of_objects [ipx::current_core]]
WARNING: [IP_Flow 19-1971] File named "hdl/vhdl/ADXL345_ip_src_AXI4Lite_Read_RegData.vhd" already exists in file group "xilinx_anylanguagebehavioralsimulation", cannot add it again.
# set_property type {{vhdlSource}} [ipx::get_files {hdl/vhdl/ADXL345_ip_src_AXI4Lite_Read_RegData.vhd} -of_objects [ipx::get_file_groups xilinx_anylanguagebehavioralsimulation -of_objects [ipx::current_core]]]
# ipx::add_file {hdl/vhdl/ADXL345_ip_src_zynq_AXIRead_block6.vhd} [ipx::get_file_groups xilinx_anylanguagesynthesis -of_objects [ipx::current_core]]
WARNING: [IP_Flow 19-1971] File named "hdl/vhdl/ADXL345_ip_src_zynq_AXIRead_block6.vhd" already exists in file group "xilinx_anylanguagesynthesis", cannot add it again.
# set_property type {{vhdlSource}} [ipx::get_files {hdl/vhdl/ADXL345_ip_src_zynq_AXIRead_block6.vhd} -of_objects [ipx::get_file_groups xilinx_anylanguagesynthesis -of_objects [ipx::current_core]]]
# ipx::add_file {hdl/vhdl/ADXL345_ip_src_zynq_AXIRead_block6.vhd} [ipx::get_file_groups xilinx_anylanguagebehavioralsimulation -of_objects [ipx::current_core]]
WARNING: [IP_Flow 19-1971] File named "hdl/vhdl/ADXL345_ip_src_zynq_AXIRead_block6.vhd" already exists in file group "xilinx_anylanguagebehavioralsimulation", cannot add it again.
# set_property type {{vhdlSource}} [ipx::get_files {hdl/vhdl/ADXL345_ip_src_zynq_AXIRead_block6.vhd} -of_objects [ipx::get_file_groups xilinx_anylanguagebehavioralsimulation -of_objects [ipx::current_core]]]
# ipx::add_file {hdl/vhdl/ADXL345_ip_src_AXI4Lite_Read_deviceID.vhd} [ipx::get_file_groups xilinx_anylanguagesynthesis -of_objects [ipx::current_core]]
WARNING: [IP_Flow 19-1971] File named "hdl/vhdl/ADXL345_ip_src_AXI4Lite_Read_deviceID.vhd" already exists in file group "xilinx_anylanguagesynthesis", cannot add it again.
# set_property type {{vhdlSource}} [ipx::get_files {hdl/vhdl/ADXL345_ip_src_AXI4Lite_Read_deviceID.vhd} -of_objects [ipx::get_file_groups xilinx_anylanguagesynthesis -of_objects [ipx::current_core]]]
# ipx::add_file {hdl/vhdl/ADXL345_ip_src_AXI4Lite_Read_deviceID.vhd} [ipx::get_file_groups xilinx_anylanguagebehavioralsimulation -of_objects [ipx::current_core]]
WARNING: [IP_Flow 19-1971] File named "hdl/vhdl/ADXL345_ip_src_AXI4Lite_Read_deviceID.vhd" already exists in file group "xilinx_anylanguagebehavioralsimulation", cannot add it again.
# set_property type {{vhdlSource}} [ipx::get_files {hdl/vhdl/ADXL345_ip_src_AXI4Lite_Read_deviceID.vhd} -of_objects [ipx::get_file_groups xilinx_anylanguagebehavioralsimulation -of_objects [ipx::current_core]]]
# ipx::add_file {hdl/vhdl/ADXL345_ip_src_zynq_AXIRead_block7.vhd} [ipx::get_file_groups xilinx_anylanguagesynthesis -of_objects [ipx::current_core]]
WARNING: [IP_Flow 19-1971] File named "hdl/vhdl/ADXL345_ip_src_zynq_AXIRead_block7.vhd" already exists in file group "xilinx_anylanguagesynthesis", cannot add it again.
# set_property type {{vhdlSource}} [ipx::get_files {hdl/vhdl/ADXL345_ip_src_zynq_AXIRead_block7.vhd} -of_objects [ipx::get_file_groups xilinx_anylanguagesynthesis -of_objects [ipx::current_core]]]
# ipx::add_file {hdl/vhdl/ADXL345_ip_src_zynq_AXIRead_block7.vhd} [ipx::get_file_groups xilinx_anylanguagebehavioralsimulation -of_objects [ipx::current_core]]
WARNING: [IP_Flow 19-1971] File named "hdl/vhdl/ADXL345_ip_src_zynq_AXIRead_block7.vhd" already exists in file group "xilinx_anylanguagebehavioralsimulation", cannot add it again.
# set_property type {{vhdlSource}} [ipx::get_files {hdl/vhdl/ADXL345_ip_src_zynq_AXIRead_block7.vhd} -of_objects [ipx::get_file_groups xilinx_anylanguagebehavioralsimulation -of_objects [ipx::current_core]]]
# ipx::add_file {hdl/vhdl/ADXL345_ip_src_AXI4Lite_Read_validout.vhd} [ipx::get_file_groups xilinx_anylanguagesynthesis -of_objects [ipx::current_core]]
WARNING: [IP_Flow 19-1971] File named "hdl/vhdl/ADXL345_ip_src_AXI4Lite_Read_validout.vhd" already exists in file group "xilinx_anylanguagesynthesis", cannot add it again.
# set_property type {{vhdlSource}} [ipx::get_files {hdl/vhdl/ADXL345_ip_src_AXI4Lite_Read_validout.vhd} -of_objects [ipx::get_file_groups xilinx_anylanguagesynthesis -of_objects [ipx::current_core]]]
# ipx::add_file {hdl/vhdl/ADXL345_ip_src_AXI4Lite_Read_validout.vhd} [ipx::get_file_groups xilinx_anylanguagebehavioralsimulation -of_objects [ipx::current_core]]
WARNING: [IP_Flow 19-1971] File named "hdl/vhdl/ADXL345_ip_src_AXI4Lite_Read_validout.vhd" already exists in file group "xilinx_anylanguagebehavioralsimulation", cannot add it again.
# set_property type {{vhdlSource}} [ipx::get_files {hdl/vhdl/ADXL345_ip_src_AXI4Lite_Read_validout.vhd} -of_objects [ipx::get_file_groups xilinx_anylanguagebehavioralsimulation -of_objects [ipx::current_core]]]
# ipx::add_file {hdl/vhdl/ADXL345_ip_src_AXI4LiteRead.vhd} [ipx::get_file_groups xilinx_anylanguagesynthesis -of_objects [ipx::current_core]]
WARNING: [IP_Flow 19-1971] File named "hdl/vhdl/ADXL345_ip_src_AXI4LiteRead.vhd" already exists in file group "xilinx_anylanguagesynthesis", cannot add it again.
# set_property type {{vhdlSource}} [ipx::get_files {hdl/vhdl/ADXL345_ip_src_AXI4LiteRead.vhd} -of_objects [ipx::get_file_groups xilinx_anylanguagesynthesis -of_objects [ipx::current_core]]]
# ipx::add_file {hdl/vhdl/ADXL345_ip_src_AXI4LiteRead.vhd} [ipx::get_file_groups xilinx_anylanguagebehavioralsimulation -of_objects [ipx::current_core]]
WARNING: [IP_Flow 19-1971] File named "hdl/vhdl/ADXL345_ip_src_AXI4LiteRead.vhd" already exists in file group "xilinx_anylanguagebehavioralsimulation", cannot add it again.
# set_property type {{vhdlSource}} [ipx::get_files {hdl/vhdl/ADXL345_ip_src_AXI4LiteRead.vhd} -of_objects [ipx::get_file_groups xilinx_anylanguagebehavioralsimulation -of_objects [ipx::current_core]]]
# ipx::add_file {hdl/vhdl/ADXL345_ip_src_I2C_MPU6050_IP_tc.vhd} [ipx::get_file_groups xilinx_anylanguagesynthesis -of_objects [ipx::current_core]]
WARNING: [IP_Flow 19-1971] File named "hdl/vhdl/ADXL345_ip_src_I2C_MPU6050_IP_tc.vhd" already exists in file group "xilinx_anylanguagesynthesis", cannot add it again.
# set_property type {{vhdlSource}} [ipx::get_files {hdl/vhdl/ADXL345_ip_src_I2C_MPU6050_IP_tc.vhd} -of_objects [ipx::get_file_groups xilinx_anylanguagesynthesis -of_objects [ipx::current_core]]]
# ipx::add_file {hdl/vhdl/ADXL345_ip_src_I2C_MPU6050_IP_tc.vhd} [ipx::get_file_groups xilinx_anylanguagebehavioralsimulation -of_objects [ipx::current_core]]
WARNING: [IP_Flow 19-1971] File named "hdl/vhdl/ADXL345_ip_src_I2C_MPU6050_IP_tc.vhd" already exists in file group "xilinx_anylanguagebehavioralsimulation", cannot add it again.
# set_property type {{vhdlSource}} [ipx::get_files {hdl/vhdl/ADXL345_ip_src_I2C_MPU6050_IP_tc.vhd} -of_objects [ipx::get_file_groups xilinx_anylanguagebehavioralsimulation -of_objects [ipx::current_core]]]
# ipx::add_file {hdl/vhdl/ADXL345_ip_src_I2C_MPU6050_IP.vhd} [ipx::get_file_groups xilinx_anylanguagesynthesis -of_objects [ipx::current_core]]
WARNING: [IP_Flow 19-1971] File named "hdl/vhdl/ADXL345_ip_src_I2C_MPU6050_IP.vhd" already exists in file group "xilinx_anylanguagesynthesis", cannot add it again.
# set_property type {{vhdlSource}} [ipx::get_files {hdl/vhdl/ADXL345_ip_src_I2C_MPU6050_IP.vhd} -of_objects [ipx::get_file_groups xilinx_anylanguagesynthesis -of_objects [ipx::current_core]]]
# ipx::add_file {hdl/vhdl/ADXL345_ip_src_I2C_MPU6050_IP.vhd} [ipx::get_file_groups xilinx_anylanguagebehavioralsimulation -of_objects [ipx::current_core]]
WARNING: [IP_Flow 19-1971] File named "hdl/vhdl/ADXL345_ip_src_I2C_MPU6050_IP.vhd" already exists in file group "xilinx_anylanguagebehavioralsimulation", cannot add it again.
# set_property type {{vhdlSource}} [ipx::get_files {hdl/vhdl/ADXL345_ip_src_I2C_MPU6050_IP.vhd} -of_objects [ipx::get_file_groups xilinx_anylanguagebehavioralsimulation -of_objects [ipx::current_core]]]
# ipx::add_file {hdl/vhdl/ADXL345_ip_dut.vhd} [ipx::get_file_groups xilinx_anylanguagesynthesis -of_objects [ipx::current_core]]
WARNING: [IP_Flow 19-1971] File named "hdl/vhdl/ADXL345_ip_dut.vhd" already exists in file group "xilinx_anylanguagesynthesis", cannot add it again.
# set_property type {{vhdlSource}} [ipx::get_files {hdl/vhdl/ADXL345_ip_dut.vhd} -of_objects [ipx::get_file_groups xilinx_anylanguagesynthesis -of_objects [ipx::current_core]]]
# ipx::add_file {hdl/vhdl/ADXL345_ip_dut.vhd} [ipx::get_file_groups xilinx_anylanguagebehavioralsimulation -of_objects [ipx::current_core]]
WARNING: [IP_Flow 19-1971] File named "hdl/vhdl/ADXL345_ip_dut.vhd" already exists in file group "xilinx_anylanguagebehavioralsimulation", cannot add it again.
# set_property type {{vhdlSource}} [ipx::get_files {hdl/vhdl/ADXL345_ip_dut.vhd} -of_objects [ipx::get_file_groups xilinx_anylanguagebehavioralsimulation -of_objects [ipx::current_core]]]
# ipx::add_file {hdl/vhdl/ADXL345_ip_axi_lite_module.vhd} [ipx::get_file_groups xilinx_anylanguagesynthesis -of_objects [ipx::current_core]]
WARNING: [IP_Flow 19-1971] File named "hdl/vhdl/ADXL345_ip_axi_lite_module.vhd" already exists in file group "xilinx_anylanguagesynthesis", cannot add it again.
# set_property type {{vhdlSource}} [ipx::get_files {hdl/vhdl/ADXL345_ip_axi_lite_module.vhd} -of_objects [ipx::get_file_groups xilinx_anylanguagesynthesis -of_objects [ipx::current_core]]]
# ipx::add_file {hdl/vhdl/ADXL345_ip_axi_lite_module.vhd} [ipx::get_file_groups xilinx_anylanguagebehavioralsimulation -of_objects [ipx::current_core]]
WARNING: [IP_Flow 19-1971] File named "hdl/vhdl/ADXL345_ip_axi_lite_module.vhd" already exists in file group "xilinx_anylanguagebehavioralsimulation", cannot add it again.
# set_property type {{vhdlSource}} [ipx::get_files {hdl/vhdl/ADXL345_ip_axi_lite_module.vhd} -of_objects [ipx::get_file_groups xilinx_anylanguagebehavioralsimulation -of_objects [ipx::current_core]]]
# ipx::add_file {hdl/vhdl/ADXL345_ip_addr_decoder.vhd} [ipx::get_file_groups xilinx_anylanguagesynthesis -of_objects [ipx::current_core]]
WARNING: [IP_Flow 19-1971] File named "hdl/vhdl/ADXL345_ip_addr_decoder.vhd" already exists in file group "xilinx_anylanguagesynthesis", cannot add it again.
# set_property type {{vhdlSource}} [ipx::get_files {hdl/vhdl/ADXL345_ip_addr_decoder.vhd} -of_objects [ipx::get_file_groups xilinx_anylanguagesynthesis -of_objects [ipx::current_core]]]
# ipx::add_file {hdl/vhdl/ADXL345_ip_addr_decoder.vhd} [ipx::get_file_groups xilinx_anylanguagebehavioralsimulation -of_objects [ipx::current_core]]
WARNING: [IP_Flow 19-1971] File named "hdl/vhdl/ADXL345_ip_addr_decoder.vhd" already exists in file group "xilinx_anylanguagebehavioralsimulation", cannot add it again.
# set_property type {{vhdlSource}} [ipx::get_files {hdl/vhdl/ADXL345_ip_addr_decoder.vhd} -of_objects [ipx::get_file_groups xilinx_anylanguagebehavioralsimulation -of_objects [ipx::current_core]]]
# ipx::add_file {hdl/vhdl/ADXL345_ip_axi_lite.vhd} [ipx::get_file_groups xilinx_anylanguagesynthesis -of_objects [ipx::current_core]]
WARNING: [IP_Flow 19-1971] File named "hdl/vhdl/ADXL345_ip_axi_lite.vhd" already exists in file group "xilinx_anylanguagesynthesis", cannot add it again.
# set_property type {{vhdlSource}} [ipx::get_files {hdl/vhdl/ADXL345_ip_axi_lite.vhd} -of_objects [ipx::get_file_groups xilinx_anylanguagesynthesis -of_objects [ipx::current_core]]]
# ipx::add_file {hdl/vhdl/ADXL345_ip_axi_lite.vhd} [ipx::get_file_groups xilinx_anylanguagebehavioralsimulation -of_objects [ipx::current_core]]
WARNING: [IP_Flow 19-1971] File named "hdl/vhdl/ADXL345_ip_axi_lite.vhd" already exists in file group "xilinx_anylanguagebehavioralsimulation", cannot add it again.
# set_property type {{vhdlSource}} [ipx::get_files {hdl/vhdl/ADXL345_ip_axi_lite.vhd} -of_objects [ipx::get_file_groups xilinx_anylanguagebehavioralsimulation -of_objects [ipx::current_core]]]
# ipx::add_file {hdl/vhdl/ADXL345_ip.vhd} [ipx::get_file_groups xilinx_anylanguagesynthesis -of_objects [ipx::current_core]]
WARNING: [IP_Flow 19-1971] File named "hdl/vhdl/ADXL345_ip.vhd" already exists in file group "xilinx_anylanguagesynthesis", cannot add it again.
# set_property type {{vhdlSource}} [ipx::get_files {hdl/vhdl/ADXL345_ip.vhd} -of_objects [ipx::get_file_groups xilinx_anylanguagesynthesis -of_objects [ipx::current_core]]]
# ipx::add_file {hdl/vhdl/ADXL345_ip.vhd} [ipx::get_file_groups xilinx_anylanguagebehavioralsimulation -of_objects [ipx::current_core]]
WARNING: [IP_Flow 19-1971] File named "hdl/vhdl/ADXL345_ip.vhd" already exists in file group "xilinx_anylanguagebehavioralsimulation", cannot add it again.
# set_property type {{vhdlSource}} [ipx::get_files {hdl/vhdl/ADXL345_ip.vhd} -of_objects [ipx::get_file_groups xilinx_anylanguagebehavioralsimulation -of_objects [ipx::current_core]]]
# ipx::remove_all_bus_interface [ipx::current_core]
# ipx::remove_all_memory_map [ipx::current_core]
# ipx::add_bus_interface {AXI4_Lite} [ipx::current_core]
# set_property abstraction_type_vlnv {xilinx.com:interface:aximm_rtl:1.0} [ipx::get_bus_interfaces AXI4_Lite -of_objects [ipx::current_core]]
# set_property bus_type_vlnv {xilinx.com:interface:aximm:1.0} [ipx::get_bus_interfaces AXI4_Lite -of_objects [ipx::current_core]]
# ipx::add_port_map {AWADDR} [ipx::get_bus_interfaces AXI4_Lite -of_objects [ipx::current_core]]
# set_property physical_name {AXI4_Lite_AWADDR} [ipx::get_port_maps AWADDR -of_objects [ipx::get_bus_interfaces AXI4_Lite -of_objects [ipx::current_core]]]
# ipx::add_port_map {AWVALID} [ipx::get_bus_interfaces AXI4_Lite -of_objects [ipx::current_core]]
# set_property physical_name {AXI4_Lite_AWVALID} [ipx::get_port_maps AWVALID -of_objects [ipx::get_bus_interfaces AXI4_Lite -of_objects [ipx::current_core]]]
# ipx::add_port_map {WDATA} [ipx::get_bus_interfaces AXI4_Lite -of_objects [ipx::current_core]]
# set_property physical_name {AXI4_Lite_WDATA} [ipx::get_port_maps WDATA -of_objects [ipx::get_bus_interfaces AXI4_Lite -of_objects [ipx::current_core]]]
# ipx::add_port_map {WSTRB} [ipx::get_bus_interfaces AXI4_Lite -of_objects [ipx::current_core]]
# set_property physical_name {AXI4_Lite_WSTRB} [ipx::get_port_maps WSTRB -of_objects [ipx::get_bus_interfaces AXI4_Lite -of_objects [ipx::current_core]]]
# ipx::add_port_map {WVALID} [ipx::get_bus_interfaces AXI4_Lite -of_objects [ipx::current_core]]
# set_property physical_name {AXI4_Lite_WVALID} [ipx::get_port_maps WVALID -of_objects [ipx::get_bus_interfaces AXI4_Lite -of_objects [ipx::current_core]]]
# ipx::add_port_map {BREADY} [ipx::get_bus_interfaces AXI4_Lite -of_objects [ipx::current_core]]
# set_property physical_name {AXI4_Lite_BREADY} [ipx::get_port_maps BREADY -of_objects [ipx::get_bus_interfaces AXI4_Lite -of_objects [ipx::current_core]]]
# ipx::add_port_map {ARADDR} [ipx::get_bus_interfaces AXI4_Lite -of_objects [ipx::current_core]]
# set_property physical_name {AXI4_Lite_ARADDR} [ipx::get_port_maps ARADDR -of_objects [ipx::get_bus_interfaces AXI4_Lite -of_objects [ipx::current_core]]]
# ipx::add_port_map {ARVALID} [ipx::get_bus_interfaces AXI4_Lite -of_objects [ipx::current_core]]
# set_property physical_name {AXI4_Lite_ARVALID} [ipx::get_port_maps ARVALID -of_objects [ipx::get_bus_interfaces AXI4_Lite -of_objects [ipx::current_core]]]
# ipx::add_port_map {RREADY} [ipx::get_bus_interfaces AXI4_Lite -of_objects [ipx::current_core]]
# set_property physical_name {AXI4_Lite_RREADY} [ipx::get_port_maps RREADY -of_objects [ipx::get_bus_interfaces AXI4_Lite -of_objects [ipx::current_core]]]
# ipx::add_port_map {AWREADY} [ipx::get_bus_interfaces AXI4_Lite -of_objects [ipx::current_core]]
# set_property physical_name {AXI4_Lite_AWREADY} [ipx::get_port_maps AWREADY -of_objects [ipx::get_bus_interfaces AXI4_Lite -of_objects [ipx::current_core]]]
# ipx::add_port_map {WREADY} [ipx::get_bus_interfaces AXI4_Lite -of_objects [ipx::current_core]]
# set_property physical_name {AXI4_Lite_WREADY} [ipx::get_port_maps WREADY -of_objects [ipx::get_bus_interfaces AXI4_Lite -of_objects [ipx::current_core]]]
# ipx::add_port_map {BRESP} [ipx::get_bus_interfaces AXI4_Lite -of_objects [ipx::current_core]]
# set_property physical_name {AXI4_Lite_BRESP} [ipx::get_port_maps BRESP -of_objects [ipx::get_bus_interfaces AXI4_Lite -of_objects [ipx::current_core]]]
# ipx::add_port_map {BVALID} [ipx::get_bus_interfaces AXI4_Lite -of_objects [ipx::current_core]]
# set_property physical_name {AXI4_Lite_BVALID} [ipx::get_port_maps BVALID -of_objects [ipx::get_bus_interfaces AXI4_Lite -of_objects [ipx::current_core]]]
# ipx::add_port_map {ARREADY} [ipx::get_bus_interfaces AXI4_Lite -of_objects [ipx::current_core]]
# set_property physical_name {AXI4_Lite_ARREADY} [ipx::get_port_maps ARREADY -of_objects [ipx::get_bus_interfaces AXI4_Lite -of_objects [ipx::current_core]]]
# ipx::add_port_map {RDATA} [ipx::get_bus_interfaces AXI4_Lite -of_objects [ipx::current_core]]
# set_property physical_name {AXI4_Lite_RDATA} [ipx::get_port_maps RDATA -of_objects [ipx::get_bus_interfaces AXI4_Lite -of_objects [ipx::current_core]]]
# ipx::add_port_map {RRESP} [ipx::get_bus_interfaces AXI4_Lite -of_objects [ipx::current_core]]
# set_property physical_name {AXI4_Lite_RRESP} [ipx::get_port_maps RRESP -of_objects [ipx::get_bus_interfaces AXI4_Lite -of_objects [ipx::current_core]]]
# ipx::add_port_map {RVALID} [ipx::get_bus_interfaces AXI4_Lite -of_objects [ipx::current_core]]
# set_property physical_name {AXI4_Lite_RVALID} [ipx::get_port_maps RVALID -of_objects [ipx::get_bus_interfaces AXI4_Lite -of_objects [ipx::current_core]]]
# ipx::add_bus_interface {AXI4_Lite_signal_clock} [ipx::current_core]
# set_property abstraction_type_vlnv {xilinx.com:signal:clock_rtl:1.0} [ipx::get_bus_interfaces AXI4_Lite_signal_clock -of_objects [ipx::current_core]]
# set_property bus_type_vlnv {xilinx.com:signal:clock:1.0} [ipx::get_bus_interfaces AXI4_Lite_signal_clock -of_objects [ipx::current_core]]
# ipx::add_port_map {CLK} [ipx::get_bus_interfaces AXI4_Lite_signal_clock -of_objects [ipx::current_core]]
# set_property physical_name {AXI4_Lite_ACLK} [ipx::get_port_maps CLK -of_objects [ipx::get_bus_interfaces AXI4_Lite_signal_clock -of_objects [ipx::current_core]]]
# ipx::add_bus_interface {AXI4_Lite_signal_reset} [ipx::current_core]
# set_property abstraction_type_vlnv {xilinx.com:signal:reset_rtl:1.0} [ipx::get_bus_interfaces AXI4_Lite_signal_reset -of_objects [ipx::current_core]]
# set_property bus_type_vlnv {xilinx.com:signal:reset:1.0} [ipx::get_bus_interfaces AXI4_Lite_signal_reset -of_objects [ipx::current_core]]
# ipx::add_port_map {RST} [ipx::get_bus_interfaces AXI4_Lite_signal_reset -of_objects [ipx::current_core]]
# set_property physical_name {AXI4_Lite_ARESETN} [ipx::get_port_maps RST -of_objects [ipx::get_bus_interfaces AXI4_Lite_signal_reset -of_objects [ipx::current_core]]]
# ipx::add_bus_parameter {ASSOCIATED_BUSIF} [ipx::get_bus_interfaces AXI4_Lite_signal_clock -of_objects [ipx::current_core]]
# set_property value {AXI4_Lite} [ipx::get_bus_parameters ASSOCIATED_BUSIF -of_objects [ipx::get_bus_interfaces AXI4_Lite_signal_clock -of_objects [ipx::current_core]]]
# ipx::add_bus_parameter {ASSOCIATED_RESET} [ipx::get_bus_interfaces AXI4_Lite_signal_clock -of_objects [ipx::current_core]]
# set_property value {AXI4_Lite_ARESETN} [ipx::get_bus_parameters ASSOCIATED_RESET -of_objects [ipx::get_bus_interfaces AXI4_Lite_signal_clock -of_objects [ipx::current_core]]]
# ipx::add_bus_parameter {POLARITY} [ipx::get_bus_interfaces AXI4_Lite_signal_reset -of_objects [ipx::current_core]]
# set_property value {ACTIVE_LOW} [ipx::get_bus_parameters POLARITY -of_objects [ipx::get_bus_interfaces AXI4_Lite_signal_reset -of_objects [ipx::current_core]]]
# ipx::add_memory_map {AXI4_Lite} [ipx::current_core]
# set_property slave_memory_map_ref {AXI4_Lite} [ipx::get_bus_interfaces AXI4_Lite -of_objects [ipx::current_core]]
# ipx::add_address_block {reg0} [ipx::get_memory_maps AXI4_Lite -of_objects [ipx::current_core]]
# set_property range {65536} [ipx::get_address_blocks reg0 -of_objects [ipx::get_memory_maps AXI4_Lite -of_objects [ipx::current_core]]]
# ipx::add_bus_interface {IPCORE_CLK} [ipx::current_core]
# set_property abstraction_type_vlnv {xilinx.com:signal:clock_rtl:1.0} [ipx::get_bus_interfaces IPCORE_CLK -of_objects [ipx::current_core]]
# set_property bus_type_vlnv {xilinx.com:signal:clock:1.0} [ipx::get_bus_interfaces IPCORE_CLK -of_objects [ipx::current_core]]
# ipx::add_port_map {CLK} [ipx::get_bus_interfaces IPCORE_CLK -of_objects [ipx::current_core]]
# set_property physical_name {IPCORE_CLK} [ipx::get_port_maps CLK -of_objects [ipx::get_bus_interfaces IPCORE_CLK -of_objects [ipx::current_core]]]
# ipx::add_bus_interface {IPCORE_RESETN} [ipx::current_core]
# set_property abstraction_type_vlnv {xilinx.com:signal:reset_rtl:1.0} [ipx::get_bus_interfaces IPCORE_RESETN -of_objects [ipx::current_core]]
# set_property bus_type_vlnv {xilinx.com:signal:reset:1.0} [ipx::get_bus_interfaces IPCORE_RESETN -of_objects [ipx::current_core]]
# ipx::add_port_map {RST} [ipx::get_bus_interfaces IPCORE_RESETN -of_objects [ipx::current_core]]
# set_property physical_name {IPCORE_RESETN} [ipx::get_port_maps RST -of_objects [ipx::get_bus_interfaces IPCORE_RESETN -of_objects [ipx::current_core]]]
# ipx::add_bus_parameter {ASSOCIATED_RESET} [ipx::get_bus_interfaces IPCORE_CLK -of_objects [ipx::current_core]]
# set_property value {IPCORE_RESETN} [ipx::get_bus_parameters ASSOCIATED_RESET -of_objects [ipx::get_bus_interfaces IPCORE_CLK -of_objects [ipx::current_core]]]
# ipx::add_bus_parameter {POLARITY} [ipx::get_bus_interfaces IPCORE_RESETN -of_objects [ipx::current_core]]
# set_property value {ACTIVE_LOW} [ipx::get_bus_parameters POLARITY -of_objects [ipx::get_bus_interfaces IPCORE_RESETN -of_objects [ipx::current_core]]]
# ipx::add_file_group -type {product_guide} {} [ipx::current_core]
# ipx::add_file {doc/doc_arch_axi4_lite.jpg} [ipx::get_file_groups xilinx_productguide -of_objects [ipx::current_core]]
# set_property type {{image}} [ipx::get_files {doc/doc_arch_axi4_lite.jpg} -of_objects [ipx::get_file_groups xilinx_productguide -of_objects [ipx::current_core]]]
# ipx::add_file {doc/free_running.jpg} [ipx::get_file_groups xilinx_productguide -of_objects [ipx::current_core]]
# set_property type {{image}} [ipx::get_files {doc/free_running.jpg} -of_objects [ipx::get_file_groups xilinx_productguide -of_objects [ipx::current_core]]]
# ipx::add_file {doc/gm_mpu6050_interface_ip_core_report.html} [ipx::get_file_groups xilinx_productguide -of_objects [ipx::current_core]]
# set_property type {{html}} [ipx::get_files {doc/gm_mpu6050_interface_ip_core_report.html} -of_objects [ipx::get_file_groups xilinx_productguide -of_objects [ipx::current_core]]]
# ipx::add_file_group -type {misc} {} [ipx::current_core]
# ipx::add_file {include/ADXL345_ip_addr.h} [ipx::get_file_groups xilinx_miscfiles -of_objects [ipx::current_core]]
# set_property type {{cSource}} [ipx::get_files {include/ADXL345_ip_addr.h} -of_objects [ipx::get_file_groups xilinx_miscfiles -of_objects [ipx::current_core]]]
# ipx::create_xgui_files [ipx::current_core]
# ipx::check_integrity -quiet [ipx::current_core]
# ipx::save_core [ipx::current_core]
# ipx::archive_core {../ADXL345_ip_v1_0.zip} [ipx::current_core]
# close_project
****** Webtalk v2016.2 (64-bit)
  **** SW Build 1577090 on Thu Jun  2 16:32:40 MDT 2016
  **** IP Build 1577682 on Fri Jun  3 12:00:54 MDT 2016
    ** Copyright 1986-2016 Xilinx, Inc. All Rights Reserved.

source C:/MATLAB/senior-design/three_axis_gimbal/MPU6050/hdl_prj/ipcore/ADXL345_ip_v1_0/prj_ip/prj_ip.hw/webtalk/labtool_webtalk.tcl -notrace
INFO: [Common 17-206] Exiting Webtalk at Thu Nov 30 11:12:14 2017...
close_project: Time (s): cpu = 00:00:00 ; elapsed = 00:00:27 . Memory (MB): peak = 258.469 ; gain = 0.957
# exit
INFO: [Common 17-206] Exiting Vivado at Thu Nov 30 11:12:14 2017...

Elapsed time is 194.7104 seconds.
